

Started GET "/" for 127.0.0.1 at 2014-02-28 18:04:03 +0400
Processing by Rails::WelcomeController#index as HTML
  Rendered /var/lib/gems/1.9.1/gems/railties-4.0.3/lib/rails/templates/rails/welcome/index.html.erb (2.3ms)
Completed 200 OK in 48ms (Views: 29.0ms | ActiveRecord: 0.0ms)


Started GET "/" for 127.0.0.1 at 2014-03-03 12:29:00 +0400
Processing by Rails::WelcomeController#index as HTML
  Rendered /var/lib/gems/1.9.1/gems/railties-4.0.3/lib/rails/templates/rails/welcome/index.html.erb (0.1ms)
Completed 200 OK in 2ms (Views: 1.3ms | ActiveRecord: 0.0ms)


Started GET "/" for 127.0.0.1 at 2014-03-03 12:30:50 +0400
  [1m[36mActiveRecord::SchemaMigration Load (0.5ms)[0m  [1mSELECT "schema_migrations".* FROM "schema_migrations"[0m
Processing by Rails::WelcomeController#index as HTML
  Rendered /var/lib/gems/1.9.1/gems/railties-4.0.3/lib/rails/templates/rails/welcome/index.html.erb (6.2ms)
Completed 200 OK in 119ms (Views: 60.6ms | ActiveRecord: 0.0ms)


Started GET "/BNF.css" for 127.0.0.1 at 2014-03-03 14:29:17 +0400

ActionController::RoutingError (No route matches [GET] "/BNF.css"):
  actionpack (4.0.3) lib/action_dispatch/middleware/debug_exceptions.rb:21:in `call'
  actionpack (4.0.3) lib/action_dispatch/middleware/show_exceptions.rb:30:in `call'
  railties (4.0.3) lib/rails/rack/logger.rb:38:in `call_app'
  railties (4.0.3) lib/rails/rack/logger.rb:20:in `block in call'
  activesupport (4.0.3) lib/active_support/tagged_logging.rb:67:in `block in tagged'
  activesupport (4.0.3) lib/active_support/tagged_logging.rb:25:in `tagged'
  activesupport (4.0.3) lib/active_support/tagged_logging.rb:67:in `tagged'
  railties (4.0.3) lib/rails/rack/logger.rb:20:in `call'
  actionpack (4.0.3) lib/action_dispatch/middleware/request_id.rb:21:in `call'
  rack (1.5.2) lib/rack/methodoverride.rb:21:in `call'
  rack (1.5.2) lib/rack/runtime.rb:17:in `call'
  activesupport (4.0.3) lib/active_support/cache/strategy/local_cache.rb:83:in `call'
  rack (1.5.2) lib/rack/lock.rb:17:in `call'
  actionpack (4.0.3) lib/action_dispatch/middleware/static.rb:64:in `call'
  rack (1.5.2) lib/rack/sendfile.rb:112:in `call'
  railties (4.0.3) lib/rails/engine.rb:511:in `call'
  railties (4.0.3) lib/rails/application.rb:97:in `call'
  rack (1.5.2) lib/rack/lock.rb:17:in `call'
  rack (1.5.2) lib/rack/content_length.rb:14:in `call'
  rack (1.5.2) lib/rack/handler/webrick.rb:60:in `service'
  /usr/lib/ruby/1.9.1/webrick/httpserver.rb:138:in `service'
  /usr/lib/ruby/1.9.1/webrick/httpserver.rb:94:in `run'
  /usr/lib/ruby/1.9.1/webrick/server.rb:191:in `block in start_thread'


  Rendered /var/lib/gems/1.9.1/gems/actionpack-4.0.3/lib/action_dispatch/middleware/templates/rescues/_trace.erb (3.0ms)
  Rendered /var/lib/gems/1.9.1/gems/actionpack-4.0.3/lib/action_dispatch/middleware/templates/routes/_route.html.erb (2.0ms)
  Rendered /var/lib/gems/1.9.1/gems/actionpack-4.0.3/lib/action_dispatch/middleware/templates/routes/_table.html.erb (51.8ms)
  Rendered /var/lib/gems/1.9.1/gems/actionpack-4.0.3/lib/action_dispatch/middleware/templates/rescues/routing_error.erb within rescues/layout (92.1ms)


Started GET "/BNF.js" for 127.0.0.1 at 2014-03-03 14:29:17 +0400

ActionController::RoutingError (No route matches [GET] "/BNF.js"):
  actionpack (4.0.3) lib/action_dispatch/middleware/debug_exceptions.rb:21:in `call'
  actionpack (4.0.3) lib/action_dispatch/middleware/show_exceptions.rb:30:in `call'
  railties (4.0.3) lib/rails/rack/logger.rb:38:in `call_app'
  railties (4.0.3) lib/rails/rack/logger.rb:20:in `block in call'
  activesupport (4.0.3) lib/active_support/tagged_logging.rb:67:in `block in tagged'
  activesupport (4.0.3) lib/active_support/tagged_logging.rb:25:in `tagged'
  activesupport (4.0.3) lib/active_support/tagged_logging.rb:67:in `tagged'
  railties (4.0.3) lib/rails/rack/logger.rb:20:in `call'
  actionpack (4.0.3) lib/action_dispatch/middleware/request_id.rb:21:in `call'
  rack (1.5.2) lib/rack/methodoverride.rb:21:in `call'
  rack (1.5.2) lib/rack/runtime.rb:17:in `call'
  activesupport (4.0.3) lib/active_support/cache/strategy/local_cache.rb:83:in `call'
  rack (1.5.2) lib/rack/lock.rb:17:in `call'
  actionpack (4.0.3) lib/action_dispatch/middleware/static.rb:64:in `call'
  rack (1.5.2) lib/rack/sendfile.rb:112:in `call'
  railties (4.0.3) lib/rails/engine.rb:511:in `call'
  railties (4.0.3) lib/rails/application.rb:97:in `call'
  rack (1.5.2) lib/rack/lock.rb:17:in `call'
  rack (1.5.2) lib/rack/content_length.rb:14:in `call'
  rack (1.5.2) lib/rack/handler/webrick.rb:60:in `service'
  /usr/lib/ruby/1.9.1/webrick/httpserver.rb:138:in `service'
  /usr/lib/ruby/1.9.1/webrick/httpserver.rb:94:in `run'
  /usr/lib/ruby/1.9.1/webrick/server.rb:191:in `block in start_thread'


  Rendered /var/lib/gems/1.9.1/gems/actionpack-4.0.3/lib/action_dispatch/middleware/templates/rescues/_trace.erb (2.7ms)
  Rendered /var/lib/gems/1.9.1/gems/actionpack-4.0.3/lib/action_dispatch/middleware/templates/routes/_route.html.erb (1.8ms)
  Rendered /var/lib/gems/1.9.1/gems/actionpack-4.0.3/lib/action_dispatch/middleware/templates/routes/_table.html.erb (2.9ms)
  Rendered /var/lib/gems/1.9.1/gems/actionpack-4.0.3/lib/action_dispatch/middleware/templates/rescues/routing_error.erb within rescues/layout (31.5ms)


Started GET "/BNF.css" for 127.0.0.1 at 2014-03-03 14:29:39 +0400

ActionController::RoutingError (No route matches [GET] "/BNF.css"):
  actionpack (4.0.3) lib/action_dispatch/middleware/debug_exceptions.rb:21:in `call'
  actionpack (4.0.3) lib/action_dispatch/middleware/show_exceptions.rb:30:in `call'
  railties (4.0.3) lib/rails/rack/logger.rb:38:in `call_app'
  railties (4.0.3) lib/rails/rack/logger.rb:20:in `block in call'
  activesupport (4.0.3) lib/active_support/tagged_logging.rb:67:in `block in tagged'
  activesupport (4.0.3) lib/active_support/tagged_logging.rb:25:in `tagged'
  activesupport (4.0.3) lib/active_support/tagged_logging.rb:67:in `tagged'
  railties (4.0.3) lib/rails/rack/logger.rb:20:in `call'
  actionpack (4.0.3) lib/action_dispatch/middleware/request_id.rb:21:in `call'
  rack (1.5.2) lib/rack/methodoverride.rb:21:in `call'
  rack (1.5.2) lib/rack/runtime.rb:17:in `call'
  activesupport (4.0.3) lib/active_support/cache/strategy/local_cache.rb:83:in `call'
  rack (1.5.2) lib/rack/lock.rb:17:in `call'
  actionpack (4.0.3) lib/action_dispatch/middleware/static.rb:64:in `call'
  rack (1.5.2) lib/rack/sendfile.rb:112:in `call'
  railties (4.0.3) lib/rails/engine.rb:511:in `call'
  railties (4.0.3) lib/rails/application.rb:97:in `call'
  rack (1.5.2) lib/rack/lock.rb:17:in `call'
  rack (1.5.2) lib/rack/content_length.rb:14:in `call'
  rack (1.5.2) lib/rack/handler/webrick.rb:60:in `service'
  /usr/lib/ruby/1.9.1/webrick/httpserver.rb:138:in `service'
  /usr/lib/ruby/1.9.1/webrick/httpserver.rb:94:in `run'
  /usr/lib/ruby/1.9.1/webrick/server.rb:191:in `block in start_thread'


  Rendered /var/lib/gems/1.9.1/gems/actionpack-4.0.3/lib/action_dispatch/middleware/templates/rescues/_trace.erb (2.7ms)
  Rendered /var/lib/gems/1.9.1/gems/actionpack-4.0.3/lib/action_dispatch/middleware/templates/routes/_route.html.erb (1.7ms)
  Rendered /var/lib/gems/1.9.1/gems/actionpack-4.0.3/lib/action_dispatch/middleware/templates/routes/_table.html.erb (2.8ms)
  Rendered /var/lib/gems/1.9.1/gems/actionpack-4.0.3/lib/action_dispatch/middleware/templates/rescues/routing_error.erb within rescues/layout (31.1ms)


Started GET "/BNF.js" for 127.0.0.1 at 2014-03-03 14:29:39 +0400

ActionController::RoutingError (No route matches [GET] "/BNF.js"):
  actionpack (4.0.3) lib/action_dispatch/middleware/debug_exceptions.rb:21:in `call'
  actionpack (4.0.3) lib/action_dispatch/middleware/show_exceptions.rb:30:in `call'
  railties (4.0.3) lib/rails/rack/logger.rb:38:in `call_app'
  railties (4.0.3) lib/rails/rack/logger.rb:20:in `block in call'
  activesupport (4.0.3) lib/active_support/tagged_logging.rb:67:in `block in tagged'
  activesupport (4.0.3) lib/active_support/tagged_logging.rb:25:in `tagged'
  activesupport (4.0.3) lib/active_support/tagged_logging.rb:67:in `tagged'
  railties (4.0.3) lib/rails/rack/logger.rb:20:in `call'
  actionpack (4.0.3) lib/action_dispatch/middleware/request_id.rb:21:in `call'
  rack (1.5.2) lib/rack/methodoverride.rb:21:in `call'
  rack (1.5.2) lib/rack/runtime.rb:17:in `call'
  activesupport (4.0.3) lib/active_support/cache/strategy/local_cache.rb:83:in `call'
  rack (1.5.2) lib/rack/lock.rb:17:in `call'
  actionpack (4.0.3) lib/action_dispatch/middleware/static.rb:64:in `call'
  rack (1.5.2) lib/rack/sendfile.rb:112:in `call'
  railties (4.0.3) lib/rails/engine.rb:511:in `call'
  railties (4.0.3) lib/rails/application.rb:97:in `call'
  rack (1.5.2) lib/rack/lock.rb:17:in `call'
  rack (1.5.2) lib/rack/content_length.rb:14:in `call'
  rack (1.5.2) lib/rack/handler/webrick.rb:60:in `service'
  /usr/lib/ruby/1.9.1/webrick/httpserver.rb:138:in `service'
  /usr/lib/ruby/1.9.1/webrick/httpserver.rb:94:in `run'
  /usr/lib/ruby/1.9.1/webrick/server.rb:191:in `block in start_thread'


  Rendered /var/lib/gems/1.9.1/gems/actionpack-4.0.3/lib/action_dispatch/middleware/templates/rescues/_trace.erb (2.9ms)
  Rendered /var/lib/gems/1.9.1/gems/actionpack-4.0.3/lib/action_dispatch/middleware/templates/routes/_route.html.erb (1.9ms)
  Rendered /var/lib/gems/1.9.1/gems/actionpack-4.0.3/lib/action_dispatch/middleware/templates/routes/_table.html.erb (3.0ms)
  Rendered /var/lib/gems/1.9.1/gems/actionpack-4.0.3/lib/action_dispatch/middleware/templates/rescues/routing_error.erb within rescues/layout (32.6ms)


Started GET "/BNF.css" for 127.0.0.1 at 2014-03-03 14:30:53 +0400

ActionController::RoutingError (No route matches [GET] "/BNF.css"):
  actionpack (4.0.3) lib/action_dispatch/middleware/debug_exceptions.rb:21:in `call'
  actionpack (4.0.3) lib/action_dispatch/middleware/show_exceptions.rb:30:in `call'
  railties (4.0.3) lib/rails/rack/logger.rb:38:in `call_app'
  railties (4.0.3) lib/rails/rack/logger.rb:20:in `block in call'
  activesupport (4.0.3) lib/active_support/tagged_logging.rb:67:in `block in tagged'
  activesupport (4.0.3) lib/active_support/tagged_logging.rb:25:in `tagged'
  activesupport (4.0.3) lib/active_support/tagged_logging.rb:67:in `tagged'
  railties (4.0.3) lib/rails/rack/logger.rb:20:in `call'
  actionpack (4.0.3) lib/action_dispatch/middleware/request_id.rb:21:in `call'
  rack (1.5.2) lib/rack/methodoverride.rb:21:in `call'
  rack (1.5.2) lib/rack/runtime.rb:17:in `call'
  activesupport (4.0.3) lib/active_support/cache/strategy/local_cache.rb:83:in `call'
  rack (1.5.2) lib/rack/lock.rb:17:in `call'
  actionpack (4.0.3) lib/action_dispatch/middleware/static.rb:64:in `call'
  rack (1.5.2) lib/rack/sendfile.rb:112:in `call'
  railties (4.0.3) lib/rails/engine.rb:511:in `call'
  railties (4.0.3) lib/rails/application.rb:97:in `call'
  rack (1.5.2) lib/rack/lock.rb:17:in `call'
  rack (1.5.2) lib/rack/content_length.rb:14:in `call'
  rack (1.5.2) lib/rack/handler/webrick.rb:60:in `service'
  /usr/lib/ruby/1.9.1/webrick/httpserver.rb:138:in `service'
  /usr/lib/ruby/1.9.1/webrick/httpserver.rb:94:in `run'
  /usr/lib/ruby/1.9.1/webrick/server.rb:191:in `block in start_thread'


  Rendered /var/lib/gems/1.9.1/gems/actionpack-4.0.3/lib/action_dispatch/middleware/templates/rescues/_trace.erb (2.8ms)
  Rendered /var/lib/gems/1.9.1/gems/actionpack-4.0.3/lib/action_dispatch/middleware/templates/routes/_route.html.erb (1.8ms)
  Rendered /var/lib/gems/1.9.1/gems/actionpack-4.0.3/lib/action_dispatch/middleware/templates/routes/_table.html.erb (3.0ms)
  Rendered /var/lib/gems/1.9.1/gems/actionpack-4.0.3/lib/action_dispatch/middleware/templates/rescues/routing_error.erb within rescues/layout (32.3ms)


Started GET "/BNF.js" for 127.0.0.1 at 2014-03-03 14:30:53 +0400

ActionController::RoutingError (No route matches [GET] "/BNF.js"):
  actionpack (4.0.3) lib/action_dispatch/middleware/debug_exceptions.rb:21:in `call'
  actionpack (4.0.3) lib/action_dispatch/middleware/show_exceptions.rb:30:in `call'
  railties (4.0.3) lib/rails/rack/logger.rb:38:in `call_app'
  railties (4.0.3) lib/rails/rack/logger.rb:20:in `block in call'
  activesupport (4.0.3) lib/active_support/tagged_logging.rb:67:in `block in tagged'
  activesupport (4.0.3) lib/active_support/tagged_logging.rb:25:in `tagged'
  activesupport (4.0.3) lib/active_support/tagged_logging.rb:67:in `tagged'
  railties (4.0.3) lib/rails/rack/logger.rb:20:in `call'
  actionpack (4.0.3) lib/action_dispatch/middleware/request_id.rb:21:in `call'
  rack (1.5.2) lib/rack/methodoverride.rb:21:in `call'
  rack (1.5.2) lib/rack/runtime.rb:17:in `call'
  activesupport (4.0.3) lib/active_support/cache/strategy/local_cache.rb:83:in `call'
  rack (1.5.2) lib/rack/lock.rb:17:in `call'
  actionpack (4.0.3) lib/action_dispatch/middleware/static.rb:64:in `call'
  rack (1.5.2) lib/rack/sendfile.rb:112:in `call'
  railties (4.0.3) lib/rails/engine.rb:511:in `call'
  railties (4.0.3) lib/rails/application.rb:97:in `call'
  rack (1.5.2) lib/rack/lock.rb:17:in `call'
  rack (1.5.2) lib/rack/content_length.rb:14:in `call'
  rack (1.5.2) lib/rack/handler/webrick.rb:60:in `service'
  /usr/lib/ruby/1.9.1/webrick/httpserver.rb:138:in `service'
  /usr/lib/ruby/1.9.1/webrick/httpserver.rb:94:in `run'
  /usr/lib/ruby/1.9.1/webrick/server.rb:191:in `block in start_thread'


  Rendered /var/lib/gems/1.9.1/gems/actionpack-4.0.3/lib/action_dispatch/middleware/templates/rescues/_trace.erb (2.7ms)
  Rendered /var/lib/gems/1.9.1/gems/actionpack-4.0.3/lib/action_dispatch/middleware/templates/routes/_route.html.erb (33.7ms)
  Rendered /var/lib/gems/1.9.1/gems/actionpack-4.0.3/lib/action_dispatch/middleware/templates/routes/_table.html.erb (3.1ms)
  Rendered /var/lib/gems/1.9.1/gems/actionpack-4.0.3/lib/action_dispatch/middleware/templates/rescues/routing_error.erb within rescues/layout (64.2ms)


Started GET "/" for 127.0.0.1 at 2014-03-03 14:30:59 +0400
Processing by Rails::WelcomeController#index as HTML
  Rendered /var/lib/gems/1.9.1/gems/railties-4.0.3/lib/rails/templates/rails/welcome/index.html.erb (0.3ms)
Completed 200 OK in 5ms (Views: 4.3ms | ActiveRecord: 0.0ms)


Started GET "/test.js" for 127.0.0.1 at 2014-03-03 14:33:39 +0400

ActionController::RoutingError (No route matches [GET] "/test.js"):
  actionpack (4.0.3) lib/action_dispatch/middleware/debug_exceptions.rb:21:in `call'
  actionpack (4.0.3) lib/action_dispatch/middleware/show_exceptions.rb:30:in `call'
  railties (4.0.3) lib/rails/rack/logger.rb:38:in `call_app'
  railties (4.0.3) lib/rails/rack/logger.rb:20:in `block in call'
  activesupport (4.0.3) lib/active_support/tagged_logging.rb:67:in `block in tagged'
  activesupport (4.0.3) lib/active_support/tagged_logging.rb:25:in `tagged'
  activesupport (4.0.3) lib/active_support/tagged_logging.rb:67:in `tagged'
  railties (4.0.3) lib/rails/rack/logger.rb:20:in `call'
  actionpack (4.0.3) lib/action_dispatch/middleware/request_id.rb:21:in `call'
  rack (1.5.2) lib/rack/methodoverride.rb:21:in `call'
  rack (1.5.2) lib/rack/runtime.rb:17:in `call'
  activesupport (4.0.3) lib/active_support/cache/strategy/local_cache.rb:83:in `call'
  rack (1.5.2) lib/rack/lock.rb:17:in `call'
  actionpack (4.0.3) lib/action_dispatch/middleware/static.rb:64:in `call'
  rack (1.5.2) lib/rack/sendfile.rb:112:in `call'
  railties (4.0.3) lib/rails/engine.rb:511:in `call'
  railties (4.0.3) lib/rails/application.rb:97:in `call'
  rack (1.5.2) lib/rack/lock.rb:17:in `call'
  rack (1.5.2) lib/rack/content_length.rb:14:in `call'
  rack (1.5.2) lib/rack/handler/webrick.rb:60:in `service'
  /usr/lib/ruby/1.9.1/webrick/httpserver.rb:138:in `service'
  /usr/lib/ruby/1.9.1/webrick/httpserver.rb:94:in `run'
  /usr/lib/ruby/1.9.1/webrick/server.rb:191:in `block in start_thread'


  Rendered /var/lib/gems/1.9.1/gems/actionpack-4.0.3/lib/action_dispatch/middleware/templates/rescues/_trace.erb (3.0ms)
  Rendered /var/lib/gems/1.9.1/gems/actionpack-4.0.3/lib/action_dispatch/middleware/templates/routes/_route.html.erb (2.2ms)
  Rendered /var/lib/gems/1.9.1/gems/actionpack-4.0.3/lib/action_dispatch/middleware/templates/routes/_table.html.erb (3.0ms)
  Rendered /var/lib/gems/1.9.1/gems/actionpack-4.0.3/lib/action_dispatch/middleware/templates/rescues/routing_error.erb within rescues/layout (42.4ms)


Started GET "/V.js" for 127.0.0.1 at 2014-03-03 14:33:39 +0400

ActionController::RoutingError (No route matches [GET] "/V.js"):
  actionpack (4.0.3) lib/action_dispatch/middleware/debug_exceptions.rb:21:in `call'
  actionpack (4.0.3) lib/action_dispatch/middleware/show_exceptions.rb:30:in `call'
  railties (4.0.3) lib/rails/rack/logger.rb:38:in `call_app'
  railties (4.0.3) lib/rails/rack/logger.rb:20:in `block in call'
  activesupport (4.0.3) lib/active_support/tagged_logging.rb:67:in `block in tagged'
  activesupport (4.0.3) lib/active_support/tagged_logging.rb:25:in `tagged'
  activesupport (4.0.3) lib/active_support/tagged_logging.rb:67:in `tagged'
  railties (4.0.3) lib/rails/rack/logger.rb:20:in `call'
  actionpack (4.0.3) lib/action_dispatch/middleware/request_id.rb:21:in `call'
  rack (1.5.2) lib/rack/methodoverride.rb:21:in `call'
  rack (1.5.2) lib/rack/runtime.rb:17:in `call'
  activesupport (4.0.3) lib/active_support/cache/strategy/local_cache.rb:83:in `call'
  rack (1.5.2) lib/rack/lock.rb:17:in `call'
  actionpack (4.0.3) lib/action_dispatch/middleware/static.rb:64:in `call'
  rack (1.5.2) lib/rack/sendfile.rb:112:in `call'
  railties (4.0.3) lib/rails/engine.rb:511:in `call'
  railties (4.0.3) lib/rails/application.rb:97:in `call'
  rack (1.5.2) lib/rack/lock.rb:17:in `call'
  rack (1.5.2) lib/rack/content_length.rb:14:in `call'
  rack (1.5.2) lib/rack/handler/webrick.rb:60:in `service'
  /usr/lib/ruby/1.9.1/webrick/httpserver.rb:138:in `service'
  /usr/lib/ruby/1.9.1/webrick/httpserver.rb:94:in `run'
  /usr/lib/ruby/1.9.1/webrick/server.rb:191:in `block in start_thread'


  Rendered /var/lib/gems/1.9.1/gems/actionpack-4.0.3/lib/action_dispatch/middleware/templates/rescues/_trace.erb (4.4ms)
  Rendered /var/lib/gems/1.9.1/gems/actionpack-4.0.3/lib/action_dispatch/middleware/templates/routes/_route.html.erb (2.0ms)
  Rendered /var/lib/gems/1.9.1/gems/actionpack-4.0.3/lib/action_dispatch/middleware/templates/routes/_table.html.erb (2.8ms)
  Rendered /var/lib/gems/1.9.1/gems/actionpack-4.0.3/lib/action_dispatch/middleware/templates/rescues/routing_error.erb within rescues/layout (36.1ms)


Started GET "/V.css" for 127.0.0.1 at 2014-03-03 14:33:39 +0400

ActionController::RoutingError (No route matches [GET] "/V.css"):
  actionpack (4.0.3) lib/action_dispatch/middleware/debug_exceptions.rb:21:in `call'
  actionpack (4.0.3) lib/action_dispatch/middleware/show_exceptions.rb:30:in `call'
  railties (4.0.3) lib/rails/rack/logger.rb:38:in `call_app'
  railties (4.0.3) lib/rails/rack/logger.rb:20:in `block in call'
  activesupport (4.0.3) lib/active_support/tagged_logging.rb:67:in `block in tagged'
  activesupport (4.0.3) lib/active_support/tagged_logging.rb:25:in `tagged'
  activesupport (4.0.3) lib/active_support/tagged_logging.rb:67:in `tagged'
  railties (4.0.3) lib/rails/rack/logger.rb:20:in `call'
  actionpack (4.0.3) lib/action_dispatch/middleware/request_id.rb:21:in `call'
  rack (1.5.2) lib/rack/methodoverride.rb:21:in `call'
  rack (1.5.2) lib/rack/runtime.rb:17:in `call'
  activesupport (4.0.3) lib/active_support/cache/strategy/local_cache.rb:83:in `call'
  rack (1.5.2) lib/rack/lock.rb:17:in `call'
  actionpack (4.0.3) lib/action_dispatch/middleware/static.rb:64:in `call'
  rack (1.5.2) lib/rack/sendfile.rb:112:in `call'
  railties (4.0.3) lib/rails/engine.rb:511:in `call'
  railties (4.0.3) lib/rails/application.rb:97:in `call'
  rack (1.5.2) lib/rack/lock.rb:17:in `call'
  rack (1.5.2) lib/rack/content_length.rb:14:in `call'
  rack (1.5.2) lib/rack/handler/webrick.rb:60:in `service'
  /usr/lib/ruby/1.9.1/webrick/httpserver.rb:138:in `service'
  /usr/lib/ruby/1.9.1/webrick/httpserver.rb:94:in `run'
  /usr/lib/ruby/1.9.1/webrick/server.rb:191:in `block in start_thread'


  Rendered /var/lib/gems/1.9.1/gems/actionpack-4.0.3/lib/action_dispatch/middleware/templates/rescues/_trace.erb (2.9ms)
  Rendered /var/lib/gems/1.9.1/gems/actionpack-4.0.3/lib/action_dispatch/middleware/templates/routes/_route.html.erb (3.1ms)
  Rendered /var/lib/gems/1.9.1/gems/actionpack-4.0.3/lib/action_dispatch/middleware/templates/routes/_table.html.erb (3.3ms)
  Rendered /var/lib/gems/1.9.1/gems/actionpack-4.0.3/lib/action_dispatch/middleware/templates/rescues/routing_error.erb within rescues/layout (34.4ms)


Started GET "/BNF.js" for 127.0.0.1 at 2014-03-03 14:33:40 +0400

ActionController::RoutingError (No route matches [GET] "/BNF.js"):
  actionpack (4.0.3) lib/action_dispatch/middleware/debug_exceptions.rb:21:in `call'
  actionpack (4.0.3) lib/action_dispatch/middleware/show_exceptions.rb:30:in `call'
  railties (4.0.3) lib/rails/rack/logger.rb:38:in `call_app'
  railties (4.0.3) lib/rails/rack/logger.rb:20:in `block in call'
  activesupport (4.0.3) lib/active_support/tagged_logging.rb:67:in `block in tagged'
  activesupport (4.0.3) lib/active_support/tagged_logging.rb:25:in `tagged'
  activesupport (4.0.3) lib/active_support/tagged_logging.rb:67:in `tagged'
  railties (4.0.3) lib/rails/rack/logger.rb:20:in `call'
  actionpack (4.0.3) lib/action_dispatch/middleware/request_id.rb:21:in `call'
  rack (1.5.2) lib/rack/methodoverride.rb:21:in `call'
  rack (1.5.2) lib/rack/runtime.rb:17:in `call'
  activesupport (4.0.3) lib/active_support/cache/strategy/local_cache.rb:83:in `call'
  rack (1.5.2) lib/rack/lock.rb:17:in `call'
  actionpack (4.0.3) lib/action_dispatch/middleware/static.rb:64:in `call'
  rack (1.5.2) lib/rack/sendfile.rb:112:in `call'
  railties (4.0.3) lib/rails/engine.rb:511:in `call'
  railties (4.0.3) lib/rails/application.rb:97:in `call'
  rack (1.5.2) lib/rack/lock.rb:17:in `call'
  rack (1.5.2) lib/rack/content_length.rb:14:in `call'
  rack (1.5.2) lib/rack/handler/webrick.rb:60:in `service'
  /usr/lib/ruby/1.9.1/webrick/httpserver.rb:138:in `service'
  /usr/lib/ruby/1.9.1/webrick/httpserver.rb:94:in `run'
  /usr/lib/ruby/1.9.1/webrick/server.rb:191:in `block in start_thread'


  Rendered /var/lib/gems/1.9.1/gems/actionpack-4.0.3/lib/action_dispatch/middleware/templates/rescues/_trace.erb (2.7ms)
  Rendered /var/lib/gems/1.9.1/gems/actionpack-4.0.3/lib/action_dispatch/middleware/templates/routes/_route.html.erb (2.2ms)
  Rendered /var/lib/gems/1.9.1/gems/actionpack-4.0.3/lib/action_dispatch/middleware/templates/routes/_table.html.erb (4.3ms)
  Rendered /var/lib/gems/1.9.1/gems/actionpack-4.0.3/lib/action_dispatch/middleware/templates/rescues/routing_error.erb within rescues/layout (36.6ms)


Started GET "/BNF.css" for 127.0.0.1 at 2014-03-03 14:33:40 +0400

ActionController::RoutingError (No route matches [GET] "/BNF.css"):
  actionpack (4.0.3) lib/action_dispatch/middleware/debug_exceptions.rb:21:in `call'
  actionpack (4.0.3) lib/action_dispatch/middleware/show_exceptions.rb:30:in `call'
  railties (4.0.3) lib/rails/rack/logger.rb:38:in `call_app'
  railties (4.0.3) lib/rails/rack/logger.rb:20:in `block in call'
  activesupport (4.0.3) lib/active_support/tagged_logging.rb:67:in `block in tagged'
  activesupport (4.0.3) lib/active_support/tagged_logging.rb:25:in `tagged'
  activesupport (4.0.3) lib/active_support/tagged_logging.rb:67:in `tagged'
  railties (4.0.3) lib/rails/rack/logger.rb:20:in `call'
  actionpack (4.0.3) lib/action_dispatch/middleware/request_id.rb:21:in `call'
  rack (1.5.2) lib/rack/methodoverride.rb:21:in `call'
  rack (1.5.2) lib/rack/runtime.rb:17:in `call'
  activesupport (4.0.3) lib/active_support/cache/strategy/local_cache.rb:83:in `call'
  rack (1.5.2) lib/rack/lock.rb:17:in `call'
  actionpack (4.0.3) lib/action_dispatch/middleware/static.rb:64:in `call'
  rack (1.5.2) lib/rack/sendfile.rb:112:in `call'
  railties (4.0.3) lib/rails/engine.rb:511:in `call'
  railties (4.0.3) lib/rails/application.rb:97:in `call'
  rack (1.5.2) lib/rack/lock.rb:17:in `call'
  rack (1.5.2) lib/rack/content_length.rb:14:in `call'
  rack (1.5.2) lib/rack/handler/webrick.rb:60:in `service'
  /usr/lib/ruby/1.9.1/webrick/httpserver.rb:138:in `service'
  /usr/lib/ruby/1.9.1/webrick/httpserver.rb:94:in `run'
  /usr/lib/ruby/1.9.1/webrick/server.rb:191:in `block in start_thread'


  Rendered /var/lib/gems/1.9.1/gems/actionpack-4.0.3/lib/action_dispatch/middleware/templates/rescues/_trace.erb (3.1ms)
  Rendered /var/lib/gems/1.9.1/gems/actionpack-4.0.3/lib/action_dispatch/middleware/templates/routes/_route.html.erb (1.9ms)
  Rendered /var/lib/gems/1.9.1/gems/actionpack-4.0.3/lib/action_dispatch/middleware/templates/routes/_table.html.erb (2.9ms)
  Rendered /var/lib/gems/1.9.1/gems/actionpack-4.0.3/lib/action_dispatch/middleware/templates/rescues/routing_error.erb within rescues/layout (36.3ms)


Started GET "/V.js" for 127.0.0.1 at 2014-03-03 14:33:40 +0400

ActionController::RoutingError (No route matches [GET] "/V.js"):
  actionpack (4.0.3) lib/action_dispatch/middleware/debug_exceptions.rb:21:in `call'
  actionpack (4.0.3) lib/action_dispatch/middleware/show_exceptions.rb:30:in `call'
  railties (4.0.3) lib/rails/rack/logger.rb:38:in `call_app'
  railties (4.0.3) lib/rails/rack/logger.rb:20:in `block in call'
  activesupport (4.0.3) lib/active_support/tagged_logging.rb:67:in `block in tagged'
  activesupport (4.0.3) lib/active_support/tagged_logging.rb:25:in `tagged'
  activesupport (4.0.3) lib/active_support/tagged_logging.rb:67:in `tagged'
  railties (4.0.3) lib/rails/rack/logger.rb:20:in `call'
  actionpack (4.0.3) lib/action_dispatch/middleware/request_id.rb:21:in `call'
  rack (1.5.2) lib/rack/methodoverride.rb:21:in `call'
  rack (1.5.2) lib/rack/runtime.rb:17:in `call'
  activesupport (4.0.3) lib/active_support/cache/strategy/local_cache.rb:83:in `call'
  rack (1.5.2) lib/rack/lock.rb:17:in `call'
  actionpack (4.0.3) lib/action_dispatch/middleware/static.rb:64:in `call'
  rack (1.5.2) lib/rack/sendfile.rb:112:in `call'
  railties (4.0.3) lib/rails/engine.rb:511:in `call'
  railties (4.0.3) lib/rails/application.rb:97:in `call'
  rack (1.5.2) lib/rack/lock.rb:17:in `call'
  rack (1.5.2) lib/rack/content_length.rb:14:in `call'
  rack (1.5.2) lib/rack/handler/webrick.rb:60:in `service'
  /usr/lib/ruby/1.9.1/webrick/httpserver.rb:138:in `service'
  /usr/lib/ruby/1.9.1/webrick/httpserver.rb:94:in `run'
  /usr/lib/ruby/1.9.1/webrick/server.rb:191:in `block in start_thread'


  Rendered /var/lib/gems/1.9.1/gems/actionpack-4.0.3/lib/action_dispatch/middleware/templates/rescues/_trace.erb (3.1ms)
  Rendered /var/lib/gems/1.9.1/gems/actionpack-4.0.3/lib/action_dispatch/middleware/templates/routes/_route.html.erb (1.9ms)
  Rendered /var/lib/gems/1.9.1/gems/actionpack-4.0.3/lib/action_dispatch/middleware/templates/routes/_table.html.erb (35.7ms)
  Rendered /var/lib/gems/1.9.1/gems/actionpack-4.0.3/lib/action_dispatch/middleware/templates/rescues/routing_error.erb within rescues/layout (65.8ms)


Started GET "/V.css" for 127.0.0.1 at 2014-03-03 14:33:40 +0400

ActionController::RoutingError (No route matches [GET] "/V.css"):
  actionpack (4.0.3) lib/action_dispatch/middleware/debug_exceptions.rb:21:in `call'
  actionpack (4.0.3) lib/action_dispatch/middleware/show_exceptions.rb:30:in `call'
  railties (4.0.3) lib/rails/rack/logger.rb:38:in `call_app'
  railties (4.0.3) lib/rails/rack/logger.rb:20:in `block in call'
  activesupport (4.0.3) lib/active_support/tagged_logging.rb:67:in `block in tagged'
  activesupport (4.0.3) lib/active_support/tagged_logging.rb:25:in `tagged'
  activesupport (4.0.3) lib/active_support/tagged_logging.rb:67:in `tagged'
  railties (4.0.3) lib/rails/rack/logger.rb:20:in `call'
  actionpack (4.0.3) lib/action_dispatch/middleware/request_id.rb:21:in `call'
  rack (1.5.2) lib/rack/methodoverride.rb:21:in `call'
  rack (1.5.2) lib/rack/runtime.rb:17:in `call'
  activesupport (4.0.3) lib/active_support/cache/strategy/local_cache.rb:83:in `call'
  rack (1.5.2) lib/rack/lock.rb:17:in `call'
  actionpack (4.0.3) lib/action_dispatch/middleware/static.rb:64:in `call'
  rack (1.5.2) lib/rack/sendfile.rb:112:in `call'
  railties (4.0.3) lib/rails/engine.rb:511:in `call'
  railties (4.0.3) lib/rails/application.rb:97:in `call'
  rack (1.5.2) lib/rack/lock.rb:17:in `call'
  rack (1.5.2) lib/rack/content_length.rb:14:in `call'
  rack (1.5.2) lib/rack/handler/webrick.rb:60:in `service'
  /usr/lib/ruby/1.9.1/webrick/httpserver.rb:138:in `service'
  /usr/lib/ruby/1.9.1/webrick/httpserver.rb:94:in `run'
  /usr/lib/ruby/1.9.1/webrick/server.rb:191:in `block in start_thread'


  Rendered /var/lib/gems/1.9.1/gems/actionpack-4.0.3/lib/action_dispatch/middleware/templates/rescues/_trace.erb (3.2ms)
  Rendered /var/lib/gems/1.9.1/gems/actionpack-4.0.3/lib/action_dispatch/middleware/templates/routes/_route.html.erb (2.0ms)
  Rendered /var/lib/gems/1.9.1/gems/actionpack-4.0.3/lib/action_dispatch/middleware/templates/routes/_table.html.erb (3.4ms)
  Rendered /var/lib/gems/1.9.1/gems/actionpack-4.0.3/lib/action_dispatch/middleware/templates/rescues/routing_error.erb within rescues/layout (35.7ms)


Started GET "/BNF.css" for 127.0.0.1 at 2014-03-03 14:33:40 +0400

ActionController::RoutingError (No route matches [GET] "/BNF.css"):
  actionpack (4.0.3) lib/action_dispatch/middleware/debug_exceptions.rb:21:in `call'
  actionpack (4.0.3) lib/action_dispatch/middleware/show_exceptions.rb:30:in `call'
  railties (4.0.3) lib/rails/rack/logger.rb:38:in `call_app'
  railties (4.0.3) lib/rails/rack/logger.rb:20:in `block in call'
  activesupport (4.0.3) lib/active_support/tagged_logging.rb:67:in `block in tagged'
  activesupport (4.0.3) lib/active_support/tagged_logging.rb:25:in `tagged'
  activesupport (4.0.3) lib/active_support/tagged_logging.rb:67:in `tagged'
  railties (4.0.3) lib/rails/rack/logger.rb:20:in `call'
  actionpack (4.0.3) lib/action_dispatch/middleware/request_id.rb:21:in `call'
  rack (1.5.2) lib/rack/methodoverride.rb:21:in `call'
  rack (1.5.2) lib/rack/runtime.rb:17:in `call'
  activesupport (4.0.3) lib/active_support/cache/strategy/local_cache.rb:83:in `call'
  rack (1.5.2) lib/rack/lock.rb:17:in `call'
  actionpack (4.0.3) lib/action_dispatch/middleware/static.rb:64:in `call'
  rack (1.5.2) lib/rack/sendfile.rb:112:in `call'
  railties (4.0.3) lib/rails/engine.rb:511:in `call'
  railties (4.0.3) lib/rails/application.rb:97:in `call'
  rack (1.5.2) lib/rack/lock.rb:17:in `call'
  rack (1.5.2) lib/rack/content_length.rb:14:in `call'
  rack (1.5.2) lib/rack/handler/webrick.rb:60:in `service'
  /usr/lib/ruby/1.9.1/webrick/httpserver.rb:138:in `service'
  /usr/lib/ruby/1.9.1/webrick/httpserver.rb:94:in `run'
  /usr/lib/ruby/1.9.1/webrick/server.rb:191:in `block in start_thread'


  Rendered /var/lib/gems/1.9.1/gems/actionpack-4.0.3/lib/action_dispatch/middleware/templates/rescues/_trace.erb (3.1ms)
  Rendered /var/lib/gems/1.9.1/gems/actionpack-4.0.3/lib/action_dispatch/middleware/templates/routes/_route.html.erb (1.9ms)
  Rendered /var/lib/gems/1.9.1/gems/actionpack-4.0.3/lib/action_dispatch/middleware/templates/routes/_table.html.erb (3.6ms)
  Rendered /var/lib/gems/1.9.1/gems/actionpack-4.0.3/lib/action_dispatch/middleware/templates/rescues/routing_error.erb within rescues/layout (35.0ms)


Started GET "/Tasks/getV" for 127.0.0.1 at 2014-03-03 14:34:05 +0400

ActionController::RoutingError (No route matches [GET] "/Tasks/getV"):
  actionpack (4.0.3) lib/action_dispatch/middleware/debug_exceptions.rb:21:in `call'
  actionpack (4.0.3) lib/action_dispatch/middleware/show_exceptions.rb:30:in `call'
  railties (4.0.3) lib/rails/rack/logger.rb:38:in `call_app'
  railties (4.0.3) lib/rails/rack/logger.rb:20:in `block in call'
  activesupport (4.0.3) lib/active_support/tagged_logging.rb:67:in `block in tagged'
  activesupport (4.0.3) lib/active_support/tagged_logging.rb:25:in `tagged'
  activesupport (4.0.3) lib/active_support/tagged_logging.rb:67:in `tagged'
  railties (4.0.3) lib/rails/rack/logger.rb:20:in `call'
  actionpack (4.0.3) lib/action_dispatch/middleware/request_id.rb:21:in `call'
  rack (1.5.2) lib/rack/methodoverride.rb:21:in `call'
  rack (1.5.2) lib/rack/runtime.rb:17:in `call'
  activesupport (4.0.3) lib/active_support/cache/strategy/local_cache.rb:83:in `call'
  rack (1.5.2) lib/rack/lock.rb:17:in `call'
  actionpack (4.0.3) lib/action_dispatch/middleware/static.rb:64:in `call'
  rack (1.5.2) lib/rack/sendfile.rb:112:in `call'
  railties (4.0.3) lib/rails/engine.rb:511:in `call'
  railties (4.0.3) lib/rails/application.rb:97:in `call'
  rack (1.5.2) lib/rack/lock.rb:17:in `call'
  rack (1.5.2) lib/rack/content_length.rb:14:in `call'
  rack (1.5.2) lib/rack/handler/webrick.rb:60:in `service'
  /usr/lib/ruby/1.9.1/webrick/httpserver.rb:138:in `service'
  /usr/lib/ruby/1.9.1/webrick/httpserver.rb:94:in `run'
  /usr/lib/ruby/1.9.1/webrick/server.rb:191:in `block in start_thread'


  Rendered /var/lib/gems/1.9.1/gems/actionpack-4.0.3/lib/action_dispatch/middleware/templates/rescues/_trace.erb (5.2ms)
  Rendered /var/lib/gems/1.9.1/gems/actionpack-4.0.3/lib/action_dispatch/middleware/templates/routes/_route.html.erb (3.7ms)
  Rendered /var/lib/gems/1.9.1/gems/actionpack-4.0.3/lib/action_dispatch/middleware/templates/routes/_table.html.erb (5.2ms)
  Rendered /var/lib/gems/1.9.1/gems/actionpack-4.0.3/lib/action_dispatch/middleware/templates/rescues/routing_error.erb within rescues/layout (55.5ms)


Started GET "/Tasks/get_v" for 127.0.0.1 at 2014-03-03 14:34:13 +0400

ActionController::RoutingError (No route matches [GET] "/Tasks/get_v"):
  actionpack (4.0.3) lib/action_dispatch/middleware/debug_exceptions.rb:21:in `call'
  actionpack (4.0.3) lib/action_dispatch/middleware/show_exceptions.rb:30:in `call'
  railties (4.0.3) lib/rails/rack/logger.rb:38:in `call_app'
  railties (4.0.3) lib/rails/rack/logger.rb:20:in `block in call'
  activesupport (4.0.3) lib/active_support/tagged_logging.rb:67:in `block in tagged'
  activesupport (4.0.3) lib/active_support/tagged_logging.rb:25:in `tagged'
  activesupport (4.0.3) lib/active_support/tagged_logging.rb:67:in `tagged'
  railties (4.0.3) lib/rails/rack/logger.rb:20:in `call'
  actionpack (4.0.3) lib/action_dispatch/middleware/request_id.rb:21:in `call'
  rack (1.5.2) lib/rack/methodoverride.rb:21:in `call'
  rack (1.5.2) lib/rack/runtime.rb:17:in `call'
  activesupport (4.0.3) lib/active_support/cache/strategy/local_cache.rb:83:in `call'
  rack (1.5.2) lib/rack/lock.rb:17:in `call'
  actionpack (4.0.3) lib/action_dispatch/middleware/static.rb:64:in `call'
  rack (1.5.2) lib/rack/sendfile.rb:112:in `call'
  railties (4.0.3) lib/rails/engine.rb:511:in `call'
  railties (4.0.3) lib/rails/application.rb:97:in `call'
  rack (1.5.2) lib/rack/lock.rb:17:in `call'
  rack (1.5.2) lib/rack/content_length.rb:14:in `call'
  rack (1.5.2) lib/rack/handler/webrick.rb:60:in `service'
  /usr/lib/ruby/1.9.1/webrick/httpserver.rb:138:in `service'
  /usr/lib/ruby/1.9.1/webrick/httpserver.rb:94:in `run'
  /usr/lib/ruby/1.9.1/webrick/server.rb:191:in `block in start_thread'


  Rendered /var/lib/gems/1.9.1/gems/actionpack-4.0.3/lib/action_dispatch/middleware/templates/rescues/_trace.erb (2.7ms)
  Rendered /var/lib/gems/1.9.1/gems/actionpack-4.0.3/lib/action_dispatch/middleware/templates/routes/_route.html.erb (1.9ms)
  Rendered /var/lib/gems/1.9.1/gems/actionpack-4.0.3/lib/action_dispatch/middleware/templates/routes/_table.html.erb (3.0ms)
  Rendered /var/lib/gems/1.9.1/gems/actionpack-4.0.3/lib/action_dispatch/middleware/templates/rescues/routing_error.erb within rescues/layout (32.8ms)


Started GET "/tasks/get_v" for 127.0.0.1 at 2014-03-03 14:34:19 +0400
Processing by TasksController#get_v as HTML
  [1m[35mTask Load (1.2ms)[0m  SELECT "tasks".* FROM "tasks" WHERE "tasks"."variant" = 1 LIMIT 1
  Rendered tasks/get_v.html.erb within layouts/task (87.2ms)
Completed 200 OK in 895ms (Views: 844.3ms | ActiveRecord: 2.8ms)


Started GET "/assets/application.css?body=1" for 127.0.0.1 at 2014-03-03 14:34:20 +0400


Started GET "/assets/jquery.js?body=1" for 127.0.0.1 at 2014-03-03 14:34:20 +0400


Started GET "/assets/tasks.css?body=1" for 127.0.0.1 at 2014-03-03 14:34:20 +0400


Started GET "/assets/jquery_ujs.js?body=1" for 127.0.0.1 at 2014-03-03 14:34:20 +0400


Started GET "/assets/turbolinks.js?body=1" for 127.0.0.1 at 2014-03-03 14:34:20 +0400


Started GET "/assets/tasks.js?body=1" for 127.0.0.1 at 2014-03-03 14:34:20 +0400


Started GET "/assets/application.js?body=1" for 127.0.0.1 at 2014-03-03 14:34:20 +0400


Started GET "/tasks/get_v" for 127.0.0.1 at 2014-03-03 14:34:39 +0400
Processing by TasksController#get_v as HTML
  [1m[36mTask Load (0.9ms)[0m  [1mSELECT "tasks".* FROM "tasks" WHERE "tasks"."variant" = 2 LIMIT 1[0m
  Rendered tasks/get_v.html.erb within layouts/task (112.2ms)
Completed 500 Internal Server Error in 187ms

ActionView::Template::Error (undefined method `sentence1' for nil:NilClass):
    11: 	function getTask()
    12: 	{
    13: 		currentTask = {\"sentences\" :
    14: 			[\" #{escape_javascript(@task.sentence1)} \",
    15: 			\" #{escape_javascript(@task.sentence2)} \",
    16: 			\" #{escape_javascript(@task.sentence3)} \"]
    17: 		};
  app/views/layouts/task.html.erb:14:in `_app_views_layouts_task_html_erb___867916615915172081_28859920'


  Rendered /var/lib/gems/1.9.1/gems/actionpack-4.0.3/lib/action_dispatch/middleware/templates/rescues/_trace.erb (3.4ms)
  Rendered /var/lib/gems/1.9.1/gems/actionpack-4.0.3/lib/action_dispatch/middleware/templates/rescues/_request_and_response.erb (2.4ms)
  Rendered /var/lib/gems/1.9.1/gems/actionpack-4.0.3/lib/action_dispatch/middleware/templates/rescues/template_error.erb within rescues/layout (26.4ms)


Started GET "/tasks/get_v" for 127.0.0.1 at 2014-03-03 14:34:53 +0400
Processing by TasksController#get_v as HTML
  [1m[35mTask Load (0.9ms)[0m  SELECT "tasks".* FROM "tasks" WHERE "tasks"."variant" = 1 LIMIT 1
  Rendered tasks/get_v.html.erb within layouts/task (105.8ms)
Completed 200 OK in 141ms (Views: 114.4ms | ActiveRecord: 1.8ms)


Started GET "/assets/application.css?body=1" for 127.0.0.1 at 2014-03-03 14:34:53 +0400


Started GET "/assets/tasks.css?body=1" for 127.0.0.1 at 2014-03-03 14:34:53 +0400


Started GET "/assets/jquery.js?body=1" for 127.0.0.1 at 2014-03-03 14:34:53 +0400


Started GET "/assets/turbolinks.js?body=1" for 127.0.0.1 at 2014-03-03 14:34:53 +0400


Started GET "/assets/jquery_ujs.js?body=1" for 127.0.0.1 at 2014-03-03 14:34:53 +0400


Started GET "/assets/tasks.js?body=1" for 127.0.0.1 at 2014-03-03 14:34:53 +0400


Started GET "/assets/application.js?body=1" for 127.0.0.1 at 2014-03-03 14:34:53 +0400


Started GET "/tasks/get_g" for 127.0.0.1 at 2014-03-03 14:48:57 +0400

ActionController::RoutingError (No route matches [GET] "/tasks/get_g"):
  actionpack (4.0.3) lib/action_dispatch/middleware/debug_exceptions.rb:21:in `call'
  actionpack (4.0.3) lib/action_dispatch/middleware/show_exceptions.rb:30:in `call'
  railties (4.0.3) lib/rails/rack/logger.rb:38:in `call_app'
  railties (4.0.3) lib/rails/rack/logger.rb:20:in `block in call'
  activesupport (4.0.3) lib/active_support/tagged_logging.rb:67:in `block in tagged'
  activesupport (4.0.3) lib/active_support/tagged_logging.rb:25:in `tagged'
  activesupport (4.0.3) lib/active_support/tagged_logging.rb:67:in `tagged'
  railties (4.0.3) lib/rails/rack/logger.rb:20:in `call'
  actionpack (4.0.3) lib/action_dispatch/middleware/request_id.rb:21:in `call'
  rack (1.5.2) lib/rack/methodoverride.rb:21:in `call'
  rack (1.5.2) lib/rack/runtime.rb:17:in `call'
  activesupport (4.0.3) lib/active_support/cache/strategy/local_cache.rb:83:in `call'
  rack (1.5.2) lib/rack/lock.rb:17:in `call'
  actionpack (4.0.3) lib/action_dispatch/middleware/static.rb:64:in `call'
  rack (1.5.2) lib/rack/sendfile.rb:112:in `call'
  railties (4.0.3) lib/rails/engine.rb:511:in `call'
  railties (4.0.3) lib/rails/application.rb:97:in `call'
  rack (1.5.2) lib/rack/lock.rb:17:in `call'
  rack (1.5.2) lib/rack/content_length.rb:14:in `call'
  rack (1.5.2) lib/rack/handler/webrick.rb:60:in `service'
  /usr/lib/ruby/1.9.1/webrick/httpserver.rb:138:in `service'
  /usr/lib/ruby/1.9.1/webrick/httpserver.rb:94:in `run'
  /usr/lib/ruby/1.9.1/webrick/server.rb:191:in `block in start_thread'


  Rendered /var/lib/gems/1.9.1/gems/actionpack-4.0.3/lib/action_dispatch/middleware/templates/rescues/_trace.erb (3.0ms)
  Rendered /var/lib/gems/1.9.1/gems/actionpack-4.0.3/lib/action_dispatch/middleware/templates/routes/_route.html.erb (2.1ms)
  Rendered /var/lib/gems/1.9.1/gems/actionpack-4.0.3/lib/action_dispatch/middleware/templates/routes/_table.html.erb (3.8ms)
  Rendered /var/lib/gems/1.9.1/gems/actionpack-4.0.3/lib/action_dispatch/middleware/templates/rescues/routing_error.erb within rescues/layout (36.2ms)


Started GET "/tasks/get_g" for 127.0.0.1 at 2014-03-03 14:49:26 +0400
Processing by TasksController#get_g as HTML
  [1m[36mTask Load (0.9ms)[0m  [1mSELECT "tasks".* FROM "tasks" WHERE "tasks"."variant" = 1 LIMIT 1[0m
  Rendered tasks/get_g.html.erb within layouts/task (76.3ms)
Completed 200 OK in 113ms (Views: 85.6ms | ActiveRecord: 1.8ms)


Started GET "/assets/application.css?body=1" for 127.0.0.1 at 2014-03-03 14:49:26 +0400


Started GET "/assets/tasks.css?body=1" for 127.0.0.1 at 2014-03-03 14:49:26 +0400


Started GET "/assets/jquery.js?body=1" for 127.0.0.1 at 2014-03-03 14:49:26 +0400


Started GET "/assets/turbolinks.js?body=1" for 127.0.0.1 at 2014-03-03 14:49:26 +0400


Started GET "/assets/jquery_ujs.js?body=1" for 127.0.0.1 at 2014-03-03 14:49:26 +0400


Started GET "/assets/tasks.js?body=1" for 127.0.0.1 at 2014-03-03 14:49:26 +0400


Started GET "/assets/application.js?body=1" for 127.0.0.1 at 2014-03-03 14:49:26 +0400


Started GET "/tasks/help_icon.gif" for 127.0.0.1 at 2014-03-03 14:49:26 +0400

ActionController::RoutingError (No route matches [GET] "/tasks/help_icon.gif"):
  actionpack (4.0.3) lib/action_dispatch/middleware/debug_exceptions.rb:21:in `call'
  actionpack (4.0.3) lib/action_dispatch/middleware/show_exceptions.rb:30:in `call'
  railties (4.0.3) lib/rails/rack/logger.rb:38:in `call_app'
  railties (4.0.3) lib/rails/rack/logger.rb:20:in `block in call'
  activesupport (4.0.3) lib/active_support/tagged_logging.rb:67:in `block in tagged'
  activesupport (4.0.3) lib/active_support/tagged_logging.rb:25:in `tagged'
  activesupport (4.0.3) lib/active_support/tagged_logging.rb:67:in `tagged'
  railties (4.0.3) lib/rails/rack/logger.rb:20:in `call'
  actionpack (4.0.3) lib/action_dispatch/middleware/request_id.rb:21:in `call'
  rack (1.5.2) lib/rack/methodoverride.rb:21:in `call'
  rack (1.5.2) lib/rack/runtime.rb:17:in `call'
  activesupport (4.0.3) lib/active_support/cache/strategy/local_cache.rb:83:in `call'
  rack (1.5.2) lib/rack/lock.rb:17:in `call'
  actionpack (4.0.3) lib/action_dispatch/middleware/static.rb:64:in `call'
  rack (1.5.2) lib/rack/sendfile.rb:112:in `call'
  railties (4.0.3) lib/rails/engine.rb:511:in `call'
  railties (4.0.3) lib/rails/application.rb:97:in `call'
  rack (1.5.2) lib/rack/lock.rb:17:in `call'
  rack (1.5.2) lib/rack/content_length.rb:14:in `call'
  rack (1.5.2) lib/rack/handler/webrick.rb:60:in `service'
  /usr/lib/ruby/1.9.1/webrick/httpserver.rb:138:in `service'
  /usr/lib/ruby/1.9.1/webrick/httpserver.rb:94:in `run'
  /usr/lib/ruby/1.9.1/webrick/server.rb:191:in `block in start_thread'


  Rendered /var/lib/gems/1.9.1/gems/actionpack-4.0.3/lib/action_dispatch/middleware/templates/rescues/_trace.erb (5.2ms)
  Rendered /var/lib/gems/1.9.1/gems/actionpack-4.0.3/lib/action_dispatch/middleware/templates/routes/_route.html.erb (5.8ms)
  Rendered /var/lib/gems/1.9.1/gems/actionpack-4.0.3/lib/action_dispatch/middleware/templates/routes/_table.html.erb (3.3ms)
  Rendered /var/lib/gems/1.9.1/gems/actionpack-4.0.3/lib/action_dispatch/middleware/templates/rescues/routing_error.erb within rescues/layout (52.6ms)
